<?xml version="1.0" encoding="UTF-8"?>
<testng-results ignored="1" total="2" passed="1" failed="0" skipped="0">
  <reporter-output>
  </reporter-output>
  <suite started-at="2021-05-17T07:46:54Z" name="Suite" finished-at="2021-05-17T07:47:13Z" duration-ms="19025">
    <groups>
      <group name="smokeTest">
        <method signature="CreateUSer.createUSerTest()[pri:0, instance:pac1.CreateUSer@2931522b]" name="createUSerTest" class="pac1.CreateUSer"/>
      </group> <!-- smokeTest -->
    </groups>
    <test started-at="2021-05-17T07:46:54Z" name="Test" finished-at="2021-05-17T07:47:13Z" duration-ms="19025">
      <class name="pac1.CreateUSer">
        <test-method signature="createUSerTest()[pri:0, instance:pac1.CreateUSer@2931522b]" started-at="2021-05-17T07:46:54Z" name="createUSerTest" finished-at="2021-05-17T07:47:13Z" duration-ms="18896" status="PASS">
          <reporter-output>
          </reporter-output>
        </test-method> <!-- createUSerTest -->
      </class> <!-- pac1.CreateUSer -->
    </test> <!-- Test -->
  </suite> <!-- Suite -->
</testng-results>
